<?xml version="1.0" encoding="UTF-8"?>
<testsuite xmlns:xsi="http://www.w3.org/2001/XMLSchema-instance" xsi:noNamespaceSchemaLocation="https://maven.apache.org/surefire/maven-surefire-plugin/xsd/surefire-test-report-3.0.xsd" version="3.0" name="JobPortals.Naukri" time="373.622" tests="1" errors="0" skipped="0" failures="0">
  <properties>
[...]
</properties>
  <testcase name="applyOnNaukri" classname="JobPortals.Naukri" time="365.619">
    <system-out><![CDATA[01-30-2026 15:05:21 InternalLoggerFactory.java DEBUG [main] logging.InternalLoggerFactory 89 - Using Log4J as the default logging framework
01-30-2026 15:05:21 ResourceLeakDetector.java DEBUG [main] util.ResourceLeakDetector 129 - -Dio.netty.leakDetection.level: simple
01-30-2026 15:05:21 ResourceLeakDetector.java DEBUG [main] util.ResourceLeakDetector 130 - -Dio.netty.leakDetection.targetRecords: 4
01-30-2026 15:05:21 ResourceLeakDetectorFactory.java DEBUG [main] util.ResourceLeakDetectorFactory 196 - Loaded default ResourceLeakDetector: io.netty.util.ResourceLeakDetector@4cc89246
01-30-2026 15:05:21 PlatformDependent0.java DEBUG [main] internal.PlatformDependent0 496 - -Dio.netty.noUnsafe: false
01-30-2026 15:05:21 PlatformDependent0.java DEBUG [main] internal.PlatformDependent0 1000 - Java version: 23
01-30-2026 15:05:21 PlatformDependent0.java DEBUG [main] internal.PlatformDependent0 137 - sun.misc.Unsafe.theUnsafe: available
01-30-2026 15:05:21 PlatformDependent0.java DEBUG [main] internal.PlatformDependent0 161 - sun.misc.Unsafe.copyMemory: available
01-30-2026 15:05:21 PlatformDependent0.java DEBUG [main] internal.PlatformDependent0 193 - sun.misc.Unsafe.storeFence: available
01-30-2026 15:05:21 PlatformDependent0.java DEBUG [main] internal.PlatformDependent0 236 - java.nio.Buffer.address: available
01-30-2026 15:05:21 PlatformDependent0.java DEBUG [main] internal.PlatformDependent0 320 - direct buffer constructor: unavailable: java.nio.DirectByteBuffer.<init>(long,int)
01-30-2026 15:05:21 PlatformDependent0.java DEBUG [main] internal.PlatformDependent0 385 - java.nio.Bits.unaligned: available, true
01-30-2026 15:05:21 PlatformDependent0.java DEBUG [main] internal.PlatformDependent0 452 - jdk.internal.misc.Unsafe.allocateUninitializedArray(int): unavailable: class io.netty.util.internal.PlatformDependent0$7 cannot access class jdk.internal.misc.Unsafe (in module java.base) because module java.base does not export jdk.internal.misc to unnamed module @6efd0a6e
01-30-2026 15:05:21 PlatformDependent0.java DEBUG [main] internal.PlatformDependent0 482 - java.nio.DirectByteBuffer.<init>(long, int): unavailable
01-30-2026 15:05:21 PlatformDependent.java DEBUG [main] internal.PlatformDependent 1159 - sun.misc.Unsafe: available
01-30-2026 15:05:21 PlatformDependent.java DEBUG [main] internal.PlatformDependent 1270 - maxDirectMemory: 4831838208 bytes (maybe)
01-30-2026 15:05:21 PlatformDependent.java DEBUG [main] internal.PlatformDependent 1289 - -Dio.netty.tmpdir: /var/folders/vk/t6dkydn124z1wn65w54jrl_c0000gp/T (java.io.tmpdir)
01-30-2026 15:05:21 PlatformDependent.java DEBUG [main] internal.PlatformDependent 1368 - -Dio.netty.bitMode: 64 (sun.arch.data.model)
01-30-2026 15:05:21 PlatformDependent.java DEBUG [main] internal.PlatformDependent 1127 - Platform: MacOS
01-30-2026 15:05:21 PlatformDependent.java DEBUG [main] internal.PlatformDependent 178 - -Dio.netty.maxDirectMemory: -1 bytes
01-30-2026 15:05:21 PlatformDependent.java DEBUG [main] internal.PlatformDependent 185 - -Dio.netty.uninitializedArrayAllocationThreshold: -1
01-30-2026 15:05:21 CleanerJava9.java DEBUG [main] internal.CleanerJava9 71 - java.nio.ByteBuffer.cleaner(): available
01-30-2026 15:05:21 PlatformDependent.java DEBUG [main] internal.PlatformDependent 205 - -Dio.netty.noPreferDirect: false
01-30-2026 15:05:21 PlatformDependent.java DEBUG [main] internal.PlatformDependent 1010 - org.jctools-core.MpscChunkedArrayQueue: available
01-30-2026 15:05:21 InternalThreadLocalMap.java DEBUG [main] internal.InternalThreadLocalMap 100 - -Dio.netty.threadLocalMap.stringBuilder.initialSize: 1024
01-30-2026 15:05:21 InternalThreadLocalMap.java DEBUG [main] internal.InternalThreadLocalMap 101 - -Dio.netty.threadLocalMap.stringBuilder.maxSize: 4096
01-30-2026 15:05:21 JdkSslContext.java DEBUG [main] ssl.JdkSslContext 83 - Default protocols (JDK): [TLSv1.3, TLSv1.2] 
01-30-2026 15:05:21 JdkSslContext.java DEBUG [main] ssl.JdkSslContext 84 - Default cipher suites (JDK): [TLS_ECDHE_ECDSA_WITH_AES_256_GCM_SHA384, TLS_ECDHE_ECDSA_WITH_AES_128_GCM_SHA256, TLS_ECDHE_RSA_WITH_AES_128_GCM_SHA256, TLS_ECDHE_RSA_WITH_AES_256_GCM_SHA384, TLS_ECDHE_RSA_WITH_AES_128_CBC_SHA, TLS_ECDHE_RSA_WITH_AES_256_CBC_SHA, TLS_RSA_WITH_AES_128_GCM_SHA256, TLS_RSA_WITH_AES_128_CBC_SHA, TLS_RSA_WITH_AES_256_CBC_SHA, TLS_AES_128_GCM_SHA256, TLS_AES_256_GCM_SHA384]
01-30-2026 15:05:21 GlobalEventExecutor.java DEBUG [main] concurrent.GlobalEventExecutor 53 - -Dio.netty.globalEventExecutor.quietPeriodSeconds: 1
01-30-2026 15:05:21 MultithreadEventLoopGroup.java DEBUG [main] channel.MultithreadEventLoopGroup 44 - -Dio.netty.eventLoopThreads: 24
01-30-2026 15:05:21 NioEventLoop.java DEBUG [main] nio.NioEventLoop 110 - -Dio.netty.noKeySetOptimization: false
01-30-2026 15:05:21 NioEventLoop.java DEBUG [main] nio.NioEventLoop 111 - -Dio.netty.selectorAutoRebuildThreshold: 512
01-30-2026 15:05:21 PooledByteBufAllocator.java DEBUG [main] buffer.PooledByteBufAllocator 157 - -Dio.netty.allocator.numHeapArenas: 24
01-30-2026 15:05:21 PooledByteBufAllocator.java DEBUG [main] buffer.PooledByteBufAllocator 158 - -Dio.netty.allocator.numDirectArenas: 24
01-30-2026 15:05:21 PooledByteBufAllocator.java DEBUG [main] buffer.PooledByteBufAllocator 160 - -Dio.netty.allocator.pageSize: 8192
01-30-2026 15:05:21 PooledByteBufAllocator.java DEBUG [main] buffer.PooledByteBufAllocator 165 - -Dio.netty.allocator.maxOrder: 9
01-30-2026 15:05:21 PooledByteBufAllocator.java DEBUG [main] buffer.PooledByteBufAllocator 169 - -Dio.netty.allocator.chunkSize: 4194304
01-30-2026 15:05:21 PooledByteBufAllocator.java DEBUG [main] buffer.PooledByteBufAllocator 170 - -Dio.netty.allocator.smallCacheSize: 256
01-30-2026 15:05:21 PooledByteBufAllocator.java DEBUG [main] buffer.PooledByteBufAllocator 171 - -Dio.netty.allocator.normalCacheSize: 64
01-30-2026 15:05:21 PooledByteBufAllocator.java DEBUG [main] buffer.PooledByteBufAllocator 172 - -Dio.netty.allocator.maxCachedBufferCapacity: 32768
01-30-2026 15:05:21 PooledByteBufAllocator.java DEBUG [main] buffer.PooledByteBufAllocator 173 - -Dio.netty.allocator.cacheTrimInterval: 8192
01-30-2026 15:05:21 PooledByteBufAllocator.java DEBUG [main] buffer.PooledByteBufAllocator 174 - -Dio.netty.allocator.cacheTrimIntervalMillis: 0
01-30-2026 15:05:21 PooledByteBufAllocator.java DEBUG [main] buffer.PooledByteBufAllocator 175 - -Dio.netty.allocator.useCacheForAllThreads: false
01-30-2026 15:05:21 PooledByteBufAllocator.java DEBUG [main] buffer.PooledByteBufAllocator 176 - -Dio.netty.allocator.maxCachedByteBuffersPerChunk: 1023
01-30-2026 15:05:21 ByteBufUtil.java DEBUG [main] buffer.ByteBufUtil 88 - -Dio.netty.allocator.type: pooled
01-30-2026 15:05:21 ByteBufUtil.java DEBUG [main] buffer.ByteBufUtil 97 - -Dio.netty.threadLocalDirectBufferSize: 0
01-30-2026 15:05:21 ByteBufUtil.java DEBUG [main] buffer.ByteBufUtil 100 - -Dio.netty.maxThreadLocalCharBufferSize: 16384
01-30-2026 15:05:21 DefaultChannelId.java DEBUG [Forwarding newSession on session null to remote] channel.DefaultChannelId 79 - -Dio.netty.processId: 86621 (auto-detected)
01-30-2026 15:05:21 NetUtil.java DEBUG [Forwarding newSession on session null to remote] util.NetUtil 148 - -Djava.net.preferIPv4Stack: false
01-30-2026 15:05:21 NetUtil.java DEBUG [Forwarding newSession on session null to remote] util.NetUtil 149 - -Djava.net.preferIPv6Addresses: false
01-30-2026 15:05:21 NetUtilInitializations.java DEBUG [Forwarding newSession on session null to remote] util.NetUtilInitializations 145 - Loopback interface: lo0 (lo0, 0:0:0:0:0:0:0:1%lo0)
01-30-2026 15:05:21 NetUtil.java DEBUG [Forwarding newSession on session null to remote] util.NetUtil 206 - Failed to get SOMAXCONN from sysctl and file /proc/sys/net/core/somaxconn. Default: 128
01-30-2026 15:05:21 DefaultChannelId.java DEBUG [Forwarding newSession on session null to remote] channel.DefaultChannelId 101 - -Dio.netty.machineId: 02:42:81:ff:fe:b9:e1:ac (auto-detected)
01-30-2026 15:05:21 AbstractByteBuf.java DEBUG [AsyncHttpClient-1-2] buffer.AbstractByteBuf 63 - -Dio.netty.buffer.checkAccessible: true
01-30-2026 15:05:21 AbstractByteBuf.java DEBUG [AsyncHttpClient-1-2] buffer.AbstractByteBuf 64 - -Dio.netty.buffer.checkBounds: true
01-30-2026 15:05:21 ResourceLeakDetectorFactory.java DEBUG [AsyncHttpClient-1-2] util.ResourceLeakDetectorFactory 196 - Loaded default ResourceLeakDetector: io.netty.util.ResourceLeakDetector@84daed1
01-30-2026 15:05:21 Recycler.java DEBUG [AsyncHttpClient-1-2] util.Recycler 96 - -Dio.netty.recycler.maxCapacityPerThread: 4096
01-30-2026 15:05:21 Recycler.java DEBUG [AsyncHttpClient-1-2] util.Recycler 97 - -Dio.netty.recycler.ratio: 8
01-30-2026 15:05:21 Recycler.java DEBUG [AsyncHttpClient-1-2] util.Recycler 98 - -Dio.netty.recycler.chunkSize: 32
01-30-2026 15:05:21 Recycler.java DEBUG [AsyncHttpClient-1-2] util.Recycler 99 - -Dio.netty.recycler.blocking: false
01-30-2026 15:05:21 Recycler.java DEBUG [AsyncHttpClient-1-2] util.Recycler 100 - -Dio.netty.recycler.batchFastThreadLocalOnly: true
01-30-2026 15:05:23 Brotli.java DEBUG [AsyncHttpClient-1-2] compression.Brotli 38 - brotli4j not in the classpath; Brotli support will be unavailable.
01-30-2026 15:05:23 ThreadLocalRandom.java DEBUG [main] internal.ThreadLocalRandom 214 - -Dio.netty.initialSeedUniquifier: 0xb0d03116b3df89e1
01-30-2026 15:05:23 BaseClass.java INFO  [main] DriverConfig.BaseClass 49 -  Opening Chrome Browser 
01-30-2026 15:05:25 Naukri.java INFO  [main] DriverConfig.BaseClass 16 - https://www.naukri.com/nlogin/login <-- is Open
01-30-2026 15:05:26 CommonMethods.java INFO  [main] DriverConfig.BaseClass 77 - kiran.jadhav1993@gmail.com is sent in the field
01-30-2026 15:05:26 CommonMethods.java INFO  [main] DriverConfig.BaseClass 77 - 1221993 is sent in the field
01-30-2026 15:05:26 CommonMethods.java INFO  [main] DriverConfig.BaseClass 48 -  Clicked on  Login button
01-30-2026 15:06:26 CommonMethods.java INFO  [main] DriverConfig.BaseClass 48 -  Clicked on  Profile 
01-30-2026 15:07:27 CommonMethods.java INFO  [main] DriverConfig.BaseClass 48 -  Clicked on  View & Update Profile
01-30-2026 15:08:27 CommonMethods.java INFO  [main] DriverConfig.BaseClass 48 -  Clicked on  Edit icon
01-30-2026 15:08:27 CommonMethods.java INFO  [main] DriverConfig.BaseClass 48 -  Clicked on  Save button
01-30-2026 15:09:29 CommonMethods.java INFO  [main] DriverConfig.BaseClass 48 -  Clicked on  Job button
01-30-2026 15:09:59 ForNaukri.java WARN  [main] DriverConfig.BaseClass 61 - No job checkboxes found to select.
01-30-2026 15:11:29 ForNaukri.java WARN  [main] DriverConfig.BaseClass 40 - No Apply buttons found.
]]></system-out>
    <system-err><![CDATA[log4j:ERROR Could not find value for key log4j.appender.INFO
log4j:ERROR Could not instantiate appender named "INFO".
SLF4J: Failed to load class "org.slf4j.impl.StaticLoggerBinder".
SLF4J: Defaulting to no-operation (NOP) logger implementation
SLF4J: See http://www.slf4j.org/codes.html#StaticLoggerBinder for further details.
Starting ChromeDriver 144.0.7559.110 (cfecec24a8e1b3d5f3b58e52f11d1327ac1534c0-refs/branch-heads/7559@{#4009}) on port 30005
Only local connections are allowed.
Please see https://chromedriver.chromium.org/security-considerations for suggestions on keeping ChromeDriver safe.
ChromeDriver was started successfully on port 30005.
Jan 30, 2026 3:05:23 PM org.openqa.selenium.devtools.CdpVersionFinder findNearestMatch
WARNING: Unable to find CDP implementation matching 144
Jan 30, 2026 3:05:23 PM org.openqa.selenium.chromium.ChromiumDriver lambda$new$3
WARNING: Unable to find version of CDP to use for . You may need to include a dependency on a specific version of the CDP using something similar to `org.seleniumhq.selenium:selenium-devtools-v86:4.9.0` where the version ("v86") matches the version of the chromium-based browser you're using and the version number of the artifact is the same as Selenium's.
]]></system-err>
  </testcase>
</testsuite>