<?xml version="1.0" encoding="UTF-8"?>
<testsuite xmlns:xsi="http://www.w3.org/2001/XMLSchema-instance" xsi:noNamespaceSchemaLocation="https://maven.apache.org/surefire/maven-surefire-plugin/xsd/surefire-test-report-3.0.xsd" version="3.0" name="TestSuite" time="81.841" tests="3" errors="0" skipped="0" failures="3">
  <properties>
[...]
</properties>
  <testcase name="applyOnHirist" classname="JobPortals.Hirist" time="33.84">
    <failure message="no such element: Unable to locate element: {&quot;method&quot;:&quot;xpath&quot;,&quot;selector&quot;:&quot;//span[contains(text(),&apos;Sign In&apos;)]&quot;}&#10;  (Session info: chrome=144.0.7559.110)&#10;For documentation on this error, please visit: https://selenium.dev/exceptions/#no_such_element&#10;Build info: version: &apos;4.9.0&apos;, revision: &apos;d7057100a6&apos;&#10;System info: os.name: &apos;Mac OS X&apos;, os.arch: &apos;aarch64&apos;, os.version: &apos;15.7.3&apos;, java.version: &apos;23.0.2&apos;&#10;Driver info: org.openqa.selenium.chrome.ChromeDriver&#10;Command: [652e2bbfaba598a1b3cbdcc3677a9ccb, findElement {using=xpath, value=//span[contains(text(),&apos;Sign In&apos;)]}]&#10;Capabilities {acceptInsecureCerts: false, browserName: chrome, browserVersion: 144.0.7559.110, chrome: {chromedriverVersion: 144.0.7559.110 (cfecec24a8e..., userDataDir: /var/folders/vk/t6dkydn124z...}, fedcm:accounts: true, goog:chromeOptions: {debuggerAddress: localhost:57898}, goog:processID: 56258, networkConnectionEnabled: false, pageLoadStrategy: normal, platformName: MAC, proxy: Proxy(), se:cdp: ws://localhost:57898/devtoo..., se:cdpVersion: 144.0.7559.110, setWindowRect: true, strictFileInteractability: false, timeouts: {implicit: 0, pageLoad: 300000, script: 30000}, unhandledPromptBehavior: dismiss and notify, webauthn:extension:credBlob: true, webauthn:extension:largeBlob: true, webauthn:extension:minPinLength: true, webauthn:extension:prf: true, webauthn:virtualAuthenticators: true}&#10;Session ID: 652e2bbfaba598a1b3cbdcc3677a9ccb" type="org.openqa.selenium.NoSuchElementException"><![CDATA[org.openqa.selenium.NoSuchElementException: 
no such element: Unable to locate element: {"method":"xpath","selector":"//span[contains(text(),'Sign In')]"}
  (Session info: chrome=144.0.7559.110)
For documentation on this error, please visit: https://selenium.dev/exceptions/#no_such_element
Build info: version: '4.9.0', revision: 'd7057100a6'
System info: os.name: 'Mac OS X', os.arch: 'aarch64', os.version: '15.7.3', java.version: '23.0.2'
Driver info: org.openqa.selenium.chrome.ChromeDriver
Command: [652e2bbfaba598a1b3cbdcc3677a9ccb, findElement {using=xpath, value=//span[contains(text(),'Sign In')]}]
Capabilities {acceptInsecureCerts: false, browserName: chrome, browserVersion: 144.0.7559.110, chrome: {chromedriverVersion: 144.0.7559.110 (cfecec24a8e..., userDataDir: /var/folders/vk/t6dkydn124z...}, fedcm:accounts: true, goog:chromeOptions: {debuggerAddress: localhost:57898}, goog:processID: 56258, networkConnectionEnabled: false, pageLoadStrategy: normal, platformName: MAC, proxy: Proxy(), se:cdp: ws://localhost:57898/devtoo..., se:cdpVersion: 144.0.7559.110, setWindowRect: true, strictFileInteractability: false, timeouts: {implicit: 0, pageLoad: 300000, script: 30000}, unhandledPromptBehavior: dismiss and notify, webauthn:extension:credBlob: true, webauthn:extension:largeBlob: true, webauthn:extension:minPinLength: true, webauthn:extension:prf: true, webauthn:virtualAuthenticators: true}
Session ID: 652e2bbfaba598a1b3cbdcc3677a9ccb
	at java.base/jdk.internal.reflect.DirectConstructorHandleAccessor.newInstance(DirectConstructorHandleAccessor.java:62)
	at java.base/java.lang.reflect.Constructor.newInstanceWithCaller(Constructor.java:501)
	at java.base/java.lang.reflect.Constructor.newInstance(Constructor.java:485)
	at org.openqa.selenium.remote.codec.w3c.W3CHttpResponseCodec.createException(W3CHttpResponseCodec.java:200)
	at org.openqa.selenium.remote.codec.w3c.W3CHttpResponseCodec.decode(W3CHttpResponseCodec.java:133)
	at org.openqa.selenium.remote.codec.w3c.W3CHttpResponseCodec.decode(W3CHttpResponseCodec.java:53)
	at org.openqa.selenium.remote.HttpCommandExecutor.execute(HttpCommandExecutor.java:193)
	at org.openqa.selenium.remote.service.DriverCommandExecutor.invokeExecute(DriverCommandExecutor.java:183)
	at org.openqa.selenium.remote.service.DriverCommandExecutor.execute(DriverCommandExecutor.java:158)
	at org.openqa.selenium.remote.RemoteWebDriver.execute(RemoteWebDriver.java:543)
	at org.openqa.selenium.remote.ElementLocation$ElementFinder$2.findElement(ElementLocation.java:162)
	at org.openqa.selenium.remote.ElementLocation.findElement(ElementLocation.java:60)
	at org.openqa.selenium.remote.RemoteWebDriver.findElement(RemoteWebDriver.java:352)
	at org.openqa.selenium.remote.RemoteWebDriver.findElement(RemoteWebDriver.java:344)
	at DriverConfig.CommonMethods.clickMethod(CommonMethods.java:18)
	at POM.ForHirist.clickOnSignIN(ForHirist.java:52)
	at JobPortals.Hirist.applyOnHirist(Hirist.java:19)
	at java.base/jdk.internal.reflect.DirectMethodHandleAccessor.invoke(DirectMethodHandleAccessor.java:103)
	at java.base/java.lang.reflect.Method.invoke(Method.java:580)
	at org.testng.internal.MethodInvocationHelper.invokeMethod(MethodInvocationHelper.java:133)
	at org.testng.internal.TestInvoker.invokeMethod(TestInvoker.java:598)
	at org.testng.internal.TestInvoker.invokeTestMethod(TestInvoker.java:173)
	at org.testng.internal.MethodRunner.runInSequence(MethodRunner.java:46)
	at org.testng.internal.TestInvoker$MethodInvocationAgent.invoke(TestInvoker.java:824)
	at org.testng.internal.TestInvoker.invokeTestMethods(TestInvoker.java:146)
	at org.testng.internal.TestMethodWorker.invokeTestMethods(TestMethodWorker.java:146)
	at org.testng.internal.TestMethodWorker.run(TestMethodWorker.java:128)
	at java.base/java.util.ArrayList.forEach(ArrayList.java:1597)
	at org.testng.TestRunner.privateRun(TestRunner.java:794)
	at org.testng.TestRunner.run(TestRunner.java:596)
	at org.testng.SuiteRunner.runTest(SuiteRunner.java:377)
	at org.testng.SuiteRunner.runSequentially(SuiteRunner.java:371)
	at org.testng.SuiteRunner.privateRun(SuiteRunner.java:332)
	at org.testng.SuiteRunner.run(SuiteRunner.java:276)
	at org.testng.SuiteRunnerWorker.runSuite(SuiteRunnerWorker.java:53)
	at org.testng.SuiteRunnerWorker.run(SuiteRunnerWorker.java:96)
	at org.testng.TestNG.runSuitesSequentially(TestNG.java:1212)
	at org.testng.TestNG.runSuitesLocally(TestNG.java:1134)
	at org.testng.TestNG.runSuites(TestNG.java:1063)
	at org.testng.TestNG.run(TestNG.java:1031)
	at org.apache.maven.surefire.testng.TestNGExecutor.run(TestNGExecutor.java:324)
	at org.apache.maven.surefire.testng.TestNGXmlTestSuite.execute(TestNGXmlTestSuite.java:74)
	at org.apache.maven.surefire.testng.TestNGProvider.invoke(TestNGProvider.java:123)
	at java.base/jdk.internal.reflect.DirectMethodHandleAccessor.invoke(DirectMethodHandleAccessor.java:103)
	at java.base/java.lang.reflect.Method.invoke(Method.java:580)
	at org.apache.maven.surefire.api.util.ReflectionUtils.invokeMethodWithArray2(ReflectionUtils.java:183)
	at org.apache.maven.surefire.booter.ProviderFactory$ProviderProxy.invoke(ProviderFactory.java:161)
	at org.apache.maven.surefire.booter.ProviderFactory.invokeProvider(ProviderFactory.java:85)
	at org.apache.maven.plugin.surefire.InPluginVMSurefireStarter.runSuitesInProcess(InPluginVMSurefireStarter.java:92)
	at org.apache.maven.plugin.surefire.AbstractSurefireMojo.executeProvider(AbstractSurefireMojo.java:1310)
	at org.apache.maven.plugin.surefire.AbstractSurefireMojo.executeAfterPreconditionsChecked(AbstractSurefireMojo.java:1167)
	at org.apache.maven.plugin.surefire.AbstractSurefireMojo.execute(AbstractSurefireMojo.java:931)
	at org.apache.maven.plugin.DefaultBuildPluginManager.executeMojo(DefaultBuildPluginManager.java:126)
	at org.apache.maven.lifecycle.internal.MojoExecutor.doExecute2(MojoExecutor.java:328)
	at org.apache.maven.lifecycle.internal.MojoExecutor.doExecute(MojoExecutor.java:316)
	at org.apache.maven.lifecycle.internal.MojoExecutor.execute(MojoExecutor.java:212)
	at org.apache.maven.lifecycle.internal.MojoExecutor.execute(MojoExecutor.java:174)
	at org.apache.maven.lifecycle.internal.MojoExecutor.access$000(MojoExecutor.java:75)
	at org.apache.maven.lifecycle.internal.MojoExecutor$1.run(MojoExecutor.java:162)
	at org.apache.maven.plugin.DefaultMojosExecutionStrategy.execute(DefaultMojosExecutionStrategy.java:39)
	at org.apache.maven.lifecycle.internal.MojoExecutor.execute(MojoExecutor.java:159)
	at org.apache.maven.lifecycle.internal.LifecycleModuleBuilder.buildProject(LifecycleModuleBuilder.java:105)
	at org.apache.maven.lifecycle.internal.LifecycleModuleBuilder.buildProject(LifecycleModuleBuilder.java:73)
	at org.apache.maven.lifecycle.internal.builder.singlethreaded.SingleThreadedBuilder.build(SingleThreadedBuilder.java:53)
	at org.apache.maven.lifecycle.internal.LifecycleStarter.execute(LifecycleStarter.java:118)
	at org.apache.maven.DefaultMaven.doExecute(DefaultMaven.java:261)
	at org.apache.maven.DefaultMaven.doExecute(DefaultMaven.java:173)
	at org.apache.maven.DefaultMaven.execute(DefaultMaven.java:101)
	at org.apache.maven.cli.MavenCli.execute(MavenCli.java:906)
	at org.apache.maven.cli.MavenCli.doMain(MavenCli.java:283)
	at org.apache.maven.cli.MavenCli.main(MavenCli.java:206)
	at java.base/jdk.internal.reflect.DirectMethodHandleAccessor.invoke(DirectMethodHandleAccessor.java:103)
	at java.base/java.lang.reflect.Method.invoke(Method.java:580)
	at org.codehaus.plexus.classworlds.launcher.Launcher.launchEnhanced(Launcher.java:255)
	at org.codehaus.plexus.classworlds.launcher.Launcher.launch(Launcher.java:201)
	at org.codehaus.plexus.classworlds.launcher.Launcher.mainWithExitCode(Launcher.java:361)
	at org.codehaus.plexus.classworlds.launcher.Launcher.main(Launcher.java:314)
]]></failure>
    <system-out><![CDATA[01-30-2026 14:25:31 InternalLoggerFactory.java DEBUG [main] logging.InternalLoggerFactory 89 - Using Log4J as the default logging framework
01-30-2026 14:25:31 ResourceLeakDetector.java DEBUG [main] util.ResourceLeakDetector 129 - -Dio.netty.leakDetection.level: simple
01-30-2026 14:25:31 ResourceLeakDetector.java DEBUG [main] util.ResourceLeakDetector 130 - -Dio.netty.leakDetection.targetRecords: 4
01-30-2026 14:25:31 ResourceLeakDetectorFactory.java DEBUG [main] util.ResourceLeakDetectorFactory 196 - Loaded default ResourceLeakDetector: io.netty.util.ResourceLeakDetector@65da01f4
01-30-2026 14:25:31 PlatformDependent0.java DEBUG [main] internal.PlatformDependent0 496 - -Dio.netty.noUnsafe: false
01-30-2026 14:25:31 PlatformDependent0.java DEBUG [main] internal.PlatformDependent0 1000 - Java version: 23
01-30-2026 14:25:31 PlatformDependent0.java DEBUG [main] internal.PlatformDependent0 137 - sun.misc.Unsafe.theUnsafe: available
01-30-2026 14:25:31 PlatformDependent0.java DEBUG [main] internal.PlatformDependent0 161 - sun.misc.Unsafe.copyMemory: available
01-30-2026 14:25:31 PlatformDependent0.java DEBUG [main] internal.PlatformDependent0 193 - sun.misc.Unsafe.storeFence: available
01-30-2026 14:25:31 PlatformDependent0.java DEBUG [main] internal.PlatformDependent0 236 - java.nio.Buffer.address: available
01-30-2026 14:25:31 PlatformDependent0.java DEBUG [main] internal.PlatformDependent0 320 - direct buffer constructor: unavailable: java.nio.DirectByteBuffer.<init>(long,int)
01-30-2026 14:25:31 PlatformDependent0.java DEBUG [main] internal.PlatformDependent0 385 - java.nio.Bits.unaligned: available, true
01-30-2026 14:25:31 PlatformDependent0.java DEBUG [main] internal.PlatformDependent0 452 - jdk.internal.misc.Unsafe.allocateUninitializedArray(int): unavailable: class io.netty.util.internal.PlatformDependent0$7 cannot access class jdk.internal.misc.Unsafe (in module java.base) because module java.base does not export jdk.internal.misc to unnamed module @74b86971
01-30-2026 14:25:31 PlatformDependent0.java DEBUG [main] internal.PlatformDependent0 482 - java.nio.DirectByteBuffer.<init>(long, int): unavailable
01-30-2026 14:25:31 PlatformDependent.java DEBUG [main] internal.PlatformDependent 1159 - sun.misc.Unsafe: available
01-30-2026 14:25:31 PlatformDependent.java DEBUG [main] internal.PlatformDependent 1270 - maxDirectMemory: 4831838208 bytes (maybe)
01-30-2026 14:25:31 PlatformDependent.java DEBUG [main] internal.PlatformDependent 1289 - -Dio.netty.tmpdir: /var/folders/vk/t6dkydn124z1wn65w54jrl_c0000gp/T (java.io.tmpdir)
01-30-2026 14:25:31 PlatformDependent.java DEBUG [main] internal.PlatformDependent 1368 - -Dio.netty.bitMode: 64 (sun.arch.data.model)
01-30-2026 14:25:31 PlatformDependent.java DEBUG [main] internal.PlatformDependent 1127 - Platform: MacOS
01-30-2026 14:25:31 PlatformDependent.java DEBUG [main] internal.PlatformDependent 178 - -Dio.netty.maxDirectMemory: -1 bytes
01-30-2026 14:25:31 PlatformDependent.java DEBUG [main] internal.PlatformDependent 185 - -Dio.netty.uninitializedArrayAllocationThreshold: -1
01-30-2026 14:25:31 CleanerJava9.java DEBUG [main] internal.CleanerJava9 71 - java.nio.ByteBuffer.cleaner(): available
01-30-2026 14:25:31 PlatformDependent.java DEBUG [main] internal.PlatformDependent 205 - -Dio.netty.noPreferDirect: false
01-30-2026 14:25:31 PlatformDependent.java DEBUG [main] internal.PlatformDependent 1010 - org.jctools-core.MpscChunkedArrayQueue: available
01-30-2026 14:25:31 InternalThreadLocalMap.java DEBUG [main] internal.InternalThreadLocalMap 100 - -Dio.netty.threadLocalMap.stringBuilder.initialSize: 1024
01-30-2026 14:25:31 InternalThreadLocalMap.java DEBUG [main] internal.InternalThreadLocalMap 101 - -Dio.netty.threadLocalMap.stringBuilder.maxSize: 4096
01-30-2026 14:25:31 JdkSslContext.java DEBUG [main] ssl.JdkSslContext 83 - Default protocols (JDK): [TLSv1.3, TLSv1.2] 
01-30-2026 14:25:31 JdkSslContext.java DEBUG [main] ssl.JdkSslContext 84 - Default cipher suites (JDK): [TLS_ECDHE_ECDSA_WITH_AES_256_GCM_SHA384, TLS_ECDHE_ECDSA_WITH_AES_128_GCM_SHA256, TLS_ECDHE_RSA_WITH_AES_128_GCM_SHA256, TLS_ECDHE_RSA_WITH_AES_256_GCM_SHA384, TLS_ECDHE_RSA_WITH_AES_128_CBC_SHA, TLS_ECDHE_RSA_WITH_AES_256_CBC_SHA, TLS_RSA_WITH_AES_128_GCM_SHA256, TLS_RSA_WITH_AES_128_CBC_SHA, TLS_RSA_WITH_AES_256_CBC_SHA, TLS_AES_128_GCM_SHA256, TLS_AES_256_GCM_SHA384]
01-30-2026 14:25:31 GlobalEventExecutor.java DEBUG [main] concurrent.GlobalEventExecutor 53 - -Dio.netty.globalEventExecutor.quietPeriodSeconds: 1
01-30-2026 14:25:31 MultithreadEventLoopGroup.java DEBUG [main] channel.MultithreadEventLoopGroup 44 - -Dio.netty.eventLoopThreads: 24
01-30-2026 14:25:31 NioEventLoop.java DEBUG [main] nio.NioEventLoop 110 - -Dio.netty.noKeySetOptimization: false
01-30-2026 14:25:31 NioEventLoop.java DEBUG [main] nio.NioEventLoop 111 - -Dio.netty.selectorAutoRebuildThreshold: 512
01-30-2026 14:25:31 PooledByteBufAllocator.java DEBUG [main] buffer.PooledByteBufAllocator 157 - -Dio.netty.allocator.numHeapArenas: 24
01-30-2026 14:25:31 PooledByteBufAllocator.java DEBUG [main] buffer.PooledByteBufAllocator 158 - -Dio.netty.allocator.numDirectArenas: 24
01-30-2026 14:25:31 PooledByteBufAllocator.java DEBUG [main] buffer.PooledByteBufAllocator 160 - -Dio.netty.allocator.pageSize: 8192
01-30-2026 14:25:31 PooledByteBufAllocator.java DEBUG [main] buffer.PooledByteBufAllocator 165 - -Dio.netty.allocator.maxOrder: 9
01-30-2026 14:25:31 PooledByteBufAllocator.java DEBUG [main] buffer.PooledByteBufAllocator 169 - -Dio.netty.allocator.chunkSize: 4194304
01-30-2026 14:25:31 PooledByteBufAllocator.java DEBUG [main] buffer.PooledByteBufAllocator 170 - -Dio.netty.allocator.smallCacheSize: 256
01-30-2026 14:25:31 PooledByteBufAllocator.java DEBUG [main] buffer.PooledByteBufAllocator 171 - -Dio.netty.allocator.normalCacheSize: 64
01-30-2026 14:25:31 PooledByteBufAllocator.java DEBUG [main] buffer.PooledByteBufAllocator 172 - -Dio.netty.allocator.maxCachedBufferCapacity: 32768
01-30-2026 14:25:31 PooledByteBufAllocator.java DEBUG [main] buffer.PooledByteBufAllocator 173 - -Dio.netty.allocator.cacheTrimInterval: 8192
01-30-2026 14:25:31 PooledByteBufAllocator.java DEBUG [main] buffer.PooledByteBufAllocator 174 - -Dio.netty.allocator.cacheTrimIntervalMillis: 0
01-30-2026 14:25:31 PooledByteBufAllocator.java DEBUG [main] buffer.PooledByteBufAllocator 175 - -Dio.netty.allocator.useCacheForAllThreads: false
01-30-2026 14:25:31 PooledByteBufAllocator.java DEBUG [main] buffer.PooledByteBufAllocator 176 - -Dio.netty.allocator.maxCachedByteBuffersPerChunk: 1023
01-30-2026 14:25:31 ByteBufUtil.java DEBUG [main] buffer.ByteBufUtil 88 - -Dio.netty.allocator.type: pooled
01-30-2026 14:25:31 ByteBufUtil.java DEBUG [main] buffer.ByteBufUtil 97 - -Dio.netty.threadLocalDirectBufferSize: 0
01-30-2026 14:25:31 ByteBufUtil.java DEBUG [main] buffer.ByteBufUtil 100 - -Dio.netty.maxThreadLocalCharBufferSize: 16384
01-30-2026 14:25:31 DefaultChannelId.java DEBUG [Forwarding newSession on session null to remote] channel.DefaultChannelId 79 - -Dio.netty.processId: 56223 (auto-detected)
01-30-2026 14:25:31 NetUtil.java DEBUG [Forwarding newSession on session null to remote] util.NetUtil 148 - -Djava.net.preferIPv4Stack: false
01-30-2026 14:25:31 NetUtil.java DEBUG [Forwarding newSession on session null to remote] util.NetUtil 149 - -Djava.net.preferIPv6Addresses: false
01-30-2026 14:25:31 NetUtilInitializations.java DEBUG [Forwarding newSession on session null to remote] util.NetUtilInitializations 145 - Loopback interface: lo0 (lo0, 0:0:0:0:0:0:0:1%lo0)
01-30-2026 14:25:31 NetUtil.java DEBUG [Forwarding newSession on session null to remote] util.NetUtil 206 - Failed to get SOMAXCONN from sysctl and file /proc/sys/net/core/somaxconn. Default: 128
01-30-2026 14:25:31 DefaultChannelId.java DEBUG [Forwarding newSession on session null to remote] channel.DefaultChannelId 101 - -Dio.netty.machineId: 02:42:81:ff:fe:b9:e1:ac (auto-detected)
01-30-2026 14:25:31 AbstractByteBuf.java DEBUG [AsyncHttpClient-1-2] buffer.AbstractByteBuf 63 - -Dio.netty.buffer.checkAccessible: true
01-30-2026 14:25:31 AbstractByteBuf.java DEBUG [AsyncHttpClient-1-2] buffer.AbstractByteBuf 64 - -Dio.netty.buffer.checkBounds: true
01-30-2026 14:25:31 ResourceLeakDetectorFactory.java DEBUG [AsyncHttpClient-1-2] util.ResourceLeakDetectorFactory 196 - Loaded default ResourceLeakDetector: io.netty.util.ResourceLeakDetector@3fa204bb
01-30-2026 14:25:31 Recycler.java DEBUG [AsyncHttpClient-1-2] util.Recycler 96 - -Dio.netty.recycler.maxCapacityPerThread: 4096
01-30-2026 14:25:31 Recycler.java DEBUG [AsyncHttpClient-1-2] util.Recycler 97 - -Dio.netty.recycler.ratio: 8
01-30-2026 14:25:31 Recycler.java DEBUG [AsyncHttpClient-1-2] util.Recycler 98 - -Dio.netty.recycler.chunkSize: 32
01-30-2026 14:25:31 Recycler.java DEBUG [AsyncHttpClient-1-2] util.Recycler 99 - -Dio.netty.recycler.blocking: false
01-30-2026 14:25:31 Recycler.java DEBUG [AsyncHttpClient-1-2] util.Recycler 100 - -Dio.netty.recycler.batchFastThreadLocalOnly: true
01-30-2026 14:25:33 Brotli.java DEBUG [AsyncHttpClient-1-2] compression.Brotli 38 - brotli4j not in the classpath; Brotli support will be unavailable.
01-30-2026 14:25:33 ThreadLocalRandom.java DEBUG [main] internal.ThreadLocalRandom 214 - -Dio.netty.initialSeedUniquifier: 0xfd514826149ab266
01-30-2026 14:25:33 BaseClass.java INFO  [main] DriverConfig.BaseClass 48 -  Opening Chrome Browser 
01-30-2026 14:25:36 Hirist.java INFO  [main] DriverConfig.BaseClass 17 - https://www.hirist.tech/ <-- is Open
01-30-2026 14:25:37 CommonMethods.java INFO  [main] DriverConfig.BaseClass 19 -  Clicked on  Jobseeker
]]></system-out>
    <system-err><![CDATA[log4j:ERROR Could not find value for key log4j.appender.INFO
log4j:ERROR Could not instantiate appender named "INFO".
SLF4J: Failed to load class "org.slf4j.impl.StaticLoggerBinder".
SLF4J: Defaulting to no-operation (NOP) logger implementation
SLF4J: See http://www.slf4j.org/codes.html#StaticLoggerBinder for further details.
Starting ChromeDriver 144.0.7559.110 (cfecec24a8e1b3d5f3b58e52f11d1327ac1534c0-refs/branch-heads/7559@{#4009}) on port 35069
Only local connections are allowed.
Please see https://chromedriver.chromium.org/security-considerations for suggestions on keeping ChromeDriver safe.
ChromeDriver was started successfully on port 35069.
Jan 30, 2026 2:25:33 PM org.openqa.selenium.devtools.CdpVersionFinder findNearestMatch
WARNING: Unable to find CDP implementation matching 144
Jan 30, 2026 2:25:33 PM org.openqa.selenium.chromium.ChromiumDriver lambda$new$3
WARNING: Unable to find version of CDP to use for . You may need to include a dependency on a specific version of the CDP using something similar to `org.seleniumhq.selenium:selenium-devtools-v86:4.9.0` where the version ("v86") matches the version of the chromium-based browser you're using and the version number of the artifact is the same as Selenium's.
]]></system-err>
  </testcase>
  <testcase name="applyOnHirist1" classname="JobPortals.Hirist" time="30.533">
    <failure message="no such element: Unable to locate element: {&quot;method&quot;:&quot;xpath&quot;,&quot;selector&quot;:&quot;//div[@class=&apos;icon-search-big search-icon&apos;]&quot;}&#10;  (Session info: chrome=144.0.7559.110)&#10;For documentation on this error, please visit: https://selenium.dev/exceptions/#no_such_element&#10;Build info: version: &apos;4.9.0&apos;, revision: &apos;d7057100a6&apos;&#10;System info: os.name: &apos;Mac OS X&apos;, os.arch: &apos;aarch64&apos;, os.version: &apos;15.7.3&apos;, java.version: &apos;23.0.2&apos;&#10;Driver info: org.openqa.selenium.chrome.ChromeDriver&#10;Command: [652e2bbfaba598a1b3cbdcc3677a9ccb, findElement {using=xpath, value=//div[@class=&apos;icon-search-big search-icon&apos;]}]&#10;Capabilities {acceptInsecureCerts: false, browserName: chrome, browserVersion: 144.0.7559.110, chrome: {chromedriverVersion: 144.0.7559.110 (cfecec24a8e..., userDataDir: /var/folders/vk/t6dkydn124z...}, fedcm:accounts: true, goog:chromeOptions: {debuggerAddress: localhost:57898}, goog:processID: 56258, networkConnectionEnabled: false, pageLoadStrategy: normal, platformName: MAC, proxy: Proxy(), se:cdp: ws://localhost:57898/devtoo..., se:cdpVersion: 144.0.7559.110, setWindowRect: true, strictFileInteractability: false, timeouts: {implicit: 0, pageLoad: 300000, script: 30000}, unhandledPromptBehavior: dismiss and notify, webauthn:extension:credBlob: true, webauthn:extension:largeBlob: true, webauthn:extension:minPinLength: true, webauthn:extension:prf: true, webauthn:virtualAuthenticators: true}&#10;Session ID: 652e2bbfaba598a1b3cbdcc3677a9ccb" type="org.openqa.selenium.NoSuchElementException"><![CDATA[org.openqa.selenium.NoSuchElementException: 
no such element: Unable to locate element: {"method":"xpath","selector":"//div[@class='icon-search-big search-icon']"}
  (Session info: chrome=144.0.7559.110)
For documentation on this error, please visit: https://selenium.dev/exceptions/#no_such_element
Build info: version: '4.9.0', revision: 'd7057100a6'
System info: os.name: 'Mac OS X', os.arch: 'aarch64', os.version: '15.7.3', java.version: '23.0.2'
Driver info: org.openqa.selenium.chrome.ChromeDriver
Command: [652e2bbfaba598a1b3cbdcc3677a9ccb, findElement {using=xpath, value=//div[@class='icon-search-big search-icon']}]
Capabilities {acceptInsecureCerts: false, browserName: chrome, browserVersion: 144.0.7559.110, chrome: {chromedriverVersion: 144.0.7559.110 (cfecec24a8e..., userDataDir: /var/folders/vk/t6dkydn124z...}, fedcm:accounts: true, goog:chromeOptions: {debuggerAddress: localhost:57898}, goog:processID: 56258, networkConnectionEnabled: false, pageLoadStrategy: normal, platformName: MAC, proxy: Proxy(), se:cdp: ws://localhost:57898/devtoo..., se:cdpVersion: 144.0.7559.110, setWindowRect: true, strictFileInteractability: false, timeouts: {implicit: 0, pageLoad: 300000, script: 30000}, unhandledPromptBehavior: dismiss and notify, webauthn:extension:credBlob: true, webauthn:extension:largeBlob: true, webauthn:extension:minPinLength: true, webauthn:extension:prf: true, webauthn:virtualAuthenticators: true}
Session ID: 652e2bbfaba598a1b3cbdcc3677a9ccb
	at java.base/jdk.internal.reflect.DirectConstructorHandleAccessor.newInstance(DirectConstructorHandleAccessor.java:62)
	at java.base/java.lang.reflect.Constructor.newInstanceWithCaller(Constructor.java:501)
	at java.base/java.lang.reflect.Constructor.newInstance(Constructor.java:485)
	at org.openqa.selenium.remote.codec.w3c.W3CHttpResponseCodec.createException(W3CHttpResponseCodec.java:200)
	at org.openqa.selenium.remote.codec.w3c.W3CHttpResponseCodec.decode(W3CHttpResponseCodec.java:133)
	at org.openqa.selenium.remote.codec.w3c.W3CHttpResponseCodec.decode(W3CHttpResponseCodec.java:53)
	at org.openqa.selenium.remote.HttpCommandExecutor.execute(HttpCommandExecutor.java:193)
	at org.openqa.selenium.remote.service.DriverCommandExecutor.invokeExecute(DriverCommandExecutor.java:183)
	at org.openqa.selenium.remote.service.DriverCommandExecutor.execute(DriverCommandExecutor.java:158)
	at org.openqa.selenium.remote.RemoteWebDriver.execute(RemoteWebDriver.java:543)
	at org.openqa.selenium.remote.ElementLocation$ElementFinder$2.findElement(ElementLocation.java:162)
	at org.openqa.selenium.remote.ElementLocation.findElement(ElementLocation.java:60)
	at org.openqa.selenium.remote.RemoteWebDriver.findElement(RemoteWebDriver.java:352)
	at org.openqa.selenium.remote.RemoteWebDriver.findElement(RemoteWebDriver.java:344)
	at DriverConfig.CommonMethods.clickMethod(CommonMethods.java:18)
	at POM.ForHirist.clickOnIcon(ForHirist.java:71)
	at JobPortals.Hirist.applyOnHirist1(Hirist.java:36)
	at java.base/jdk.internal.reflect.DirectMethodHandleAccessor.invoke(DirectMethodHandleAccessor.java:103)
	at java.base/java.lang.reflect.Method.invoke(Method.java:580)
	at org.testng.internal.MethodInvocationHelper.invokeMethod(MethodInvocationHelper.java:133)
	at org.testng.internal.TestInvoker.invokeMethod(TestInvoker.java:598)
	at org.testng.internal.TestInvoker.invokeTestMethod(TestInvoker.java:173)
	at org.testng.internal.MethodRunner.runInSequence(MethodRunner.java:46)
	at org.testng.internal.TestInvoker$MethodInvocationAgent.invoke(TestInvoker.java:824)
	at org.testng.internal.TestInvoker.invokeTestMethods(TestInvoker.java:146)
	at org.testng.internal.TestMethodWorker.invokeTestMethods(TestMethodWorker.java:146)
	at org.testng.internal.TestMethodWorker.run(TestMethodWorker.java:128)
	at java.base/java.util.ArrayList.forEach(ArrayList.java:1597)
	at org.testng.TestRunner.privateRun(TestRunner.java:794)
	at org.testng.TestRunner.run(TestRunner.java:596)
	at org.testng.SuiteRunner.runTest(SuiteRunner.java:377)
	at org.testng.SuiteRunner.runSequentially(SuiteRunner.java:371)
	at org.testng.SuiteRunner.privateRun(SuiteRunner.java:332)
	at org.testng.SuiteRunner.run(SuiteRunner.java:276)
	at org.testng.SuiteRunnerWorker.runSuite(SuiteRunnerWorker.java:53)
	at org.testng.SuiteRunnerWorker.run(SuiteRunnerWorker.java:96)
	at org.testng.TestNG.runSuitesSequentially(TestNG.java:1212)
	at org.testng.TestNG.runSuitesLocally(TestNG.java:1134)
	at org.testng.TestNG.runSuites(TestNG.java:1063)
	at org.testng.TestNG.run(TestNG.java:1031)
	at org.apache.maven.surefire.testng.TestNGExecutor.run(TestNGExecutor.java:324)
	at org.apache.maven.surefire.testng.TestNGXmlTestSuite.execute(TestNGXmlTestSuite.java:74)
	at org.apache.maven.surefire.testng.TestNGProvider.invoke(TestNGProvider.java:123)
	at java.base/jdk.internal.reflect.DirectMethodHandleAccessor.invoke(DirectMethodHandleAccessor.java:103)
	at java.base/java.lang.reflect.Method.invoke(Method.java:580)
	at org.apache.maven.surefire.api.util.ReflectionUtils.invokeMethodWithArray2(ReflectionUtils.java:183)
	at org.apache.maven.surefire.booter.ProviderFactory$ProviderProxy.invoke(ProviderFactory.java:161)
	at org.apache.maven.surefire.booter.ProviderFactory.invokeProvider(ProviderFactory.java:85)
	at org.apache.maven.plugin.surefire.InPluginVMSurefireStarter.runSuitesInProcess(InPluginVMSurefireStarter.java:92)
	at org.apache.maven.plugin.surefire.AbstractSurefireMojo.executeProvider(AbstractSurefireMojo.java:1310)
	at org.apache.maven.plugin.surefire.AbstractSurefireMojo.executeAfterPreconditionsChecked(AbstractSurefireMojo.java:1167)
	at org.apache.maven.plugin.surefire.AbstractSurefireMojo.execute(AbstractSurefireMojo.java:931)
	at org.apache.maven.plugin.DefaultBuildPluginManager.executeMojo(DefaultBuildPluginManager.java:126)
	at org.apache.maven.lifecycle.internal.MojoExecutor.doExecute2(MojoExecutor.java:328)
	at org.apache.maven.lifecycle.internal.MojoExecutor.doExecute(MojoExecutor.java:316)
	at org.apache.maven.lifecycle.internal.MojoExecutor.execute(MojoExecutor.java:212)
	at org.apache.maven.lifecycle.internal.MojoExecutor.execute(MojoExecutor.java:174)
	at org.apache.maven.lifecycle.internal.MojoExecutor.access$000(MojoExecutor.java:75)
	at org.apache.maven.lifecycle.internal.MojoExecutor$1.run(MojoExecutor.java:162)
	at org.apache.maven.plugin.DefaultMojosExecutionStrategy.execute(DefaultMojosExecutionStrategy.java:39)
	at org.apache.maven.lifecycle.internal.MojoExecutor.execute(MojoExecutor.java:159)
	at org.apache.maven.lifecycle.internal.LifecycleModuleBuilder.buildProject(LifecycleModuleBuilder.java:105)
	at org.apache.maven.lifecycle.internal.LifecycleModuleBuilder.buildProject(LifecycleModuleBuilder.java:73)
	at org.apache.maven.lifecycle.internal.builder.singlethreaded.SingleThreadedBuilder.build(SingleThreadedBuilder.java:53)
	at org.apache.maven.lifecycle.internal.LifecycleStarter.execute(LifecycleStarter.java:118)
	at org.apache.maven.DefaultMaven.doExecute(DefaultMaven.java:261)
	at org.apache.maven.DefaultMaven.doExecute(DefaultMaven.java:173)
	at org.apache.maven.DefaultMaven.execute(DefaultMaven.java:101)
	at org.apache.maven.cli.MavenCli.execute(MavenCli.java:906)
	at org.apache.maven.cli.MavenCli.doMain(MavenCli.java:283)
	at org.apache.maven.cli.MavenCli.main(MavenCli.java:206)
	at java.base/jdk.internal.reflect.DirectMethodHandleAccessor.invoke(DirectMethodHandleAccessor.java:103)
	at java.base/java.lang.reflect.Method.invoke(Method.java:580)
	at org.codehaus.plexus.classworlds.launcher.Launcher.launchEnhanced(Launcher.java:255)
	at org.codehaus.plexus.classworlds.launcher.Launcher.launch(Launcher.java:201)
	at org.codehaus.plexus.classworlds.launcher.Launcher.mainWithExitCode(Launcher.java:361)
	at org.codehaus.plexus.classworlds.launcher.Launcher.main(Launcher.java:314)
]]></failure>
    <system-out><![CDATA[01-30-2026 14:26:08 BaseClass.java INFO  [main] DriverConfig.BaseClass 109 - Screen Shot saved successfully 
]]></system-out>
  </testcase>
  <testcase name="applyOnNaukri" classname="JobPortals.Naukri" time="6.595">
    <failure message="element click intercepted: Element &lt;a href=&quot;/mnjuser/profile?id=&amp;amp;altresid&quot; class=&quot;nI-gNb-info__sub-link&quot;&gt;...&lt;/a&gt; is not clickable at point (1882, 118). Other element would receive the click: &lt;ul class=&quot;list&quot; id=&quot;chatList__nhalduqtdMessages&quot;&gt;...&lt;/ul&gt;&#10;  (Session info: chrome=144.0.7559.110)&#10;Build info: version: &apos;4.9.0&apos;, revision: &apos;d7057100a6&apos;&#10;System info: os.name: &apos;Mac OS X&apos;, os.arch: &apos;aarch64&apos;, os.version: &apos;15.7.3&apos;, java.version: &apos;23.0.2&apos;&#10;Driver info: org.openqa.selenium.chrome.ChromeDriver&#10;Command: [6e8c0c6585af9f650994c6cd5a729c56, clickElement {id=f.2735650EDA2CBAA7F8B682569C06285B.d.C3204ED50E5B5D065EAE53D591D0B6C2.e.99}]&#10;Capabilities {acceptInsecureCerts: false, browserName: chrome, browserVersion: 144.0.7559.110, chrome: {chromedriverVersion: 144.0.7559.110 (cfecec24a8e..., userDataDir: /var/folders/vk/t6dkydn124z...}, fedcm:accounts: true, goog:chromeOptions: {debuggerAddress: localhost:58352}, goog:processID: 57553, networkConnectionEnabled: false, pageLoadStrategy: normal, platformName: MAC, proxy: Proxy(), se:cdp: ws://localhost:58352/devtoo..., se:cdpVersion: 144.0.7559.110, setWindowRect: true, strictFileInteractability: false, timeouts: {implicit: 0, pageLoad: 300000, script: 30000}, unhandledPromptBehavior: dismiss and notify, webauthn:extension:credBlob: true, webauthn:extension:largeBlob: true, webauthn:extension:minPinLength: true, webauthn:extension:prf: true, webauthn:virtualAuthenticators: true}&#10;Element: [[ChromeDriver: chrome on MAC (6e8c0c6585af9f650994c6cd5a729c56)] -&gt; xpath: //a[text()=&apos;View &amp; Update Profile&apos;]]&#10;Session ID: 6e8c0c6585af9f650994c6cd5a729c56" type="org.openqa.selenium.ElementClickInterceptedException"><![CDATA[org.openqa.selenium.ElementClickInterceptedException: 
element click intercepted: Element <a href="/mnjuser/profile?id=&amp;altresid" class="nI-gNb-info__sub-link">...</a> is not clickable at point (1882, 118). Other element would receive the click: <ul class="list" id="chatList__nhalduqtdMessages">...</ul>
  (Session info: chrome=144.0.7559.110)
Build info: version: '4.9.0', revision: 'd7057100a6'
System info: os.name: 'Mac OS X', os.arch: 'aarch64', os.version: '15.7.3', java.version: '23.0.2'
Driver info: org.openqa.selenium.chrome.ChromeDriver
Command: [6e8c0c6585af9f650994c6cd5a729c56, clickElement {id=f.2735650EDA2CBAA7F8B682569C06285B.d.C3204ED50E5B5D065EAE53D591D0B6C2.e.99}]
Capabilities {acceptInsecureCerts: false, browserName: chrome, browserVersion: 144.0.7559.110, chrome: {chromedriverVersion: 144.0.7559.110 (cfecec24a8e..., userDataDir: /var/folders/vk/t6dkydn124z...}, fedcm:accounts: true, goog:chromeOptions: {debuggerAddress: localhost:58352}, goog:processID: 57553, networkConnectionEnabled: false, pageLoadStrategy: normal, platformName: MAC, proxy: Proxy(), se:cdp: ws://localhost:58352/devtoo..., se:cdpVersion: 144.0.7559.110, setWindowRect: true, strictFileInteractability: false, timeouts: {implicit: 0, pageLoad: 300000, script: 30000}, unhandledPromptBehavior: dismiss and notify, webauthn:extension:credBlob: true, webauthn:extension:largeBlob: true, webauthn:extension:minPinLength: true, webauthn:extension:prf: true, webauthn:virtualAuthenticators: true}
Element: [[ChromeDriver: chrome on MAC (6e8c0c6585af9f650994c6cd5a729c56)] -> xpath: //a[text()='View & Update Profile']]
Session ID: 6e8c0c6585af9f650994c6cd5a729c56
	at java.base/jdk.internal.reflect.DirectConstructorHandleAccessor.newInstance(DirectConstructorHandleAccessor.java:62)
	at java.base/java.lang.reflect.Constructor.newInstanceWithCaller(Constructor.java:501)
	at java.base/java.lang.reflect.Constructor.newInstance(Constructor.java:485)
	at org.openqa.selenium.remote.codec.w3c.W3CHttpResponseCodec.createException(W3CHttpResponseCodec.java:200)
	at org.openqa.selenium.remote.codec.w3c.W3CHttpResponseCodec.decode(W3CHttpResponseCodec.java:133)
	at org.openqa.selenium.remote.codec.w3c.W3CHttpResponseCodec.decode(W3CHttpResponseCodec.java:53)
	at org.openqa.selenium.remote.HttpCommandExecutor.execute(HttpCommandExecutor.java:193)
	at org.openqa.selenium.remote.service.DriverCommandExecutor.invokeExecute(DriverCommandExecutor.java:183)
	at org.openqa.selenium.remote.service.DriverCommandExecutor.execute(DriverCommandExecutor.java:158)
	at org.openqa.selenium.remote.RemoteWebDriver.execute(RemoteWebDriver.java:543)
	at org.openqa.selenium.remote.RemoteWebElement.execute(RemoteWebElement.java:257)
	at org.openqa.selenium.remote.RemoteWebElement.click(RemoteWebElement.java:78)
	at DriverConfig.CommonMethods.clickMethod(CommonMethods.java:18)
	at POM.ForNaukri.clickOnVewProfil(ForNaukri.java:63)
	at JobPortals.Naukri.applyOnNaukri(Naukri.java:21)
	at java.base/jdk.internal.reflect.DirectMethodHandleAccessor.invoke(DirectMethodHandleAccessor.java:103)
	at java.base/java.lang.reflect.Method.invoke(Method.java:580)
	at org.testng.internal.MethodInvocationHelper.invokeMethod(MethodInvocationHelper.java:133)
	at org.testng.internal.TestInvoker.invokeMethod(TestInvoker.java:598)
	at org.testng.internal.TestInvoker.invokeTestMethod(TestInvoker.java:173)
	at org.testng.internal.MethodRunner.runInSequence(MethodRunner.java:46)
	at org.testng.internal.TestInvoker$MethodInvocationAgent.invoke(TestInvoker.java:824)
	at org.testng.internal.TestInvoker.invokeTestMethods(TestInvoker.java:146)
	at org.testng.internal.TestMethodWorker.invokeTestMethods(TestMethodWorker.java:146)
	at org.testng.internal.TestMethodWorker.run(TestMethodWorker.java:128)
	at java.base/java.util.ArrayList.forEach(ArrayList.java:1597)
	at org.testng.TestRunner.privateRun(TestRunner.java:794)
	at org.testng.TestRunner.run(TestRunner.java:596)
	at org.testng.SuiteRunner.runTest(SuiteRunner.java:377)
	at org.testng.SuiteRunner.runSequentially(SuiteRunner.java:371)
	at org.testng.SuiteRunner.privateRun(SuiteRunner.java:332)
	at org.testng.SuiteRunner.run(SuiteRunner.java:276)
	at org.testng.SuiteRunnerWorker.runSuite(SuiteRunnerWorker.java:53)
	at org.testng.SuiteRunnerWorker.run(SuiteRunnerWorker.java:96)
	at org.testng.TestNG.runSuitesSequentially(TestNG.java:1212)
	at org.testng.TestNG.runSuitesLocally(TestNG.java:1134)
	at org.testng.TestNG.runSuites(TestNG.java:1063)
	at org.testng.TestNG.run(TestNG.java:1031)
	at org.apache.maven.surefire.testng.TestNGExecutor.run(TestNGExecutor.java:324)
	at org.apache.maven.surefire.testng.TestNGXmlTestSuite.execute(TestNGXmlTestSuite.java:74)
	at org.apache.maven.surefire.testng.TestNGProvider.invoke(TestNGProvider.java:123)
	at java.base/jdk.internal.reflect.DirectMethodHandleAccessor.invoke(DirectMethodHandleAccessor.java:103)
	at java.base/java.lang.reflect.Method.invoke(Method.java:580)
	at org.apache.maven.surefire.api.util.ReflectionUtils.invokeMethodWithArray2(ReflectionUtils.java:183)
	at org.apache.maven.surefire.booter.ProviderFactory$ProviderProxy.invoke(ProviderFactory.java:161)
	at org.apache.maven.surefire.booter.ProviderFactory.invokeProvider(ProviderFactory.java:85)
	at org.apache.maven.plugin.surefire.InPluginVMSurefireStarter.runSuitesInProcess(InPluginVMSurefireStarter.java:92)
	at org.apache.maven.plugin.surefire.AbstractSurefireMojo.executeProvider(AbstractSurefireMojo.java:1310)
	at org.apache.maven.plugin.surefire.AbstractSurefireMojo.executeAfterPreconditionsChecked(AbstractSurefireMojo.java:1167)
	at org.apache.maven.plugin.surefire.AbstractSurefireMojo.execute(AbstractSurefireMojo.java:931)
	at org.apache.maven.plugin.DefaultBuildPluginManager.executeMojo(DefaultBuildPluginManager.java:126)
	at org.apache.maven.lifecycle.internal.MojoExecutor.doExecute2(MojoExecutor.java:328)
	at org.apache.maven.lifecycle.internal.MojoExecutor.doExecute(MojoExecutor.java:316)
	at org.apache.maven.lifecycle.internal.MojoExecutor.execute(MojoExecutor.java:212)
	at org.apache.maven.lifecycle.internal.MojoExecutor.execute(MojoExecutor.java:174)
	at org.apache.maven.lifecycle.internal.MojoExecutor.access$000(MojoExecutor.java:75)
	at org.apache.maven.lifecycle.internal.MojoExecutor$1.run(MojoExecutor.java:162)
	at org.apache.maven.plugin.DefaultMojosExecutionStrategy.execute(DefaultMojosExecutionStrategy.java:39)
	at org.apache.maven.lifecycle.internal.MojoExecutor.execute(MojoExecutor.java:159)
	at org.apache.maven.lifecycle.internal.LifecycleModuleBuilder.buildProject(LifecycleModuleBuilder.java:105)
	at org.apache.maven.lifecycle.internal.LifecycleModuleBuilder.buildProject(LifecycleModuleBuilder.java:73)
	at org.apache.maven.lifecycle.internal.builder.singlethreaded.SingleThreadedBuilder.build(SingleThreadedBuilder.java:53)
	at org.apache.maven.lifecycle.internal.LifecycleStarter.execute(LifecycleStarter.java:118)
	at org.apache.maven.DefaultMaven.doExecute(DefaultMaven.java:261)
	at org.apache.maven.DefaultMaven.doExecute(DefaultMaven.java:173)
	at org.apache.maven.DefaultMaven.execute(DefaultMaven.java:101)
	at org.apache.maven.cli.MavenCli.execute(MavenCli.java:906)
	at org.apache.maven.cli.MavenCli.doMain(MavenCli.java:283)
	at org.apache.maven.cli.MavenCli.main(MavenCli.java:206)
	at java.base/jdk.internal.reflect.DirectMethodHandleAccessor.invoke(DirectMethodHandleAccessor.java:103)
	at java.base/java.lang.reflect.Method.invoke(Method.java:580)
	at org.codehaus.plexus.classworlds.launcher.Launcher.launchEnhanced(Launcher.java:255)
	at org.codehaus.plexus.classworlds.launcher.Launcher.launch(Launcher.java:201)
	at org.codehaus.plexus.classworlds.launcher.Launcher.mainWithExitCode(Launcher.java:361)
	at org.codehaus.plexus.classworlds.launcher.Launcher.main(Launcher.java:314)
]]></failure>
    <system-out><![CDATA[01-30-2026 14:26:38 BaseClass.java INFO  [main] DriverConfig.BaseClass 109 - Screen Shot saved successfully 
01-30-2026 14:26:39 BaseClass.java INFO  [main] DriverConfig.BaseClass 48 -  Opening Chrome Browser 
01-30-2026 14:26:41 Naukri.java INFO  [main] DriverConfig.BaseClass 16 - https://www.naukri.com/nlogin/login <-- is Open
01-30-2026 14:26:42 CommonMethods.java INFO  [main] DriverConfig.BaseClass 19 -  Clicked on  Email ID
01-30-2026 14:26:42 CommonMethods.java INFO  [main] DriverConfig.BaseClass 35 - kiran.jadhav1993@gmail.com is sent in the field
01-30-2026 14:26:43 CommonMethods.java INFO  [main] DriverConfig.BaseClass 19 -  Clicked on  Password
01-30-2026 14:26:43 CommonMethods.java INFO  [main] DriverConfig.BaseClass 35 - 1221993 is sent in the field
01-30-2026 14:26:44 CommonMethods.java INFO  [main] DriverConfig.BaseClass 19 -  Clicked on  Login button
01-30-2026 14:26:45 CommonMethods.java INFO  [main] DriverConfig.BaseClass 19 -  Clicked on  Profile 
]]></system-out>
    <system-err><![CDATA[Starting ChromeDriver 144.0.7559.110 (cfecec24a8e1b3d5f3b58e52f11d1327ac1534c0-refs/branch-heads/7559@{#4009}) on port 17229
Only local connections are allowed.
Please see https://chromedriver.chromium.org/security-considerations for suggestions on keeping ChromeDriver safe.
ChromeDriver was started successfully on port 17229.
Jan 30, 2026 2:26:39 PM org.openqa.selenium.devtools.CdpVersionFinder findNearestMatch
WARNING: Unable to find CDP implementation matching 144
Jan 30, 2026 2:26:39 PM org.openqa.selenium.chromium.ChromiumDriver lambda$new$3
WARNING: Unable to find version of CDP to use for . You may need to include a dependency on a specific version of the CDP using something similar to `org.seleniumhq.selenium:selenium-devtools-v86:4.9.0` where the version ("v86") matches the version of the chromium-based browser you're using and the version number of the artifact is the same as Selenium's.
]]></system-err>
  </testcase>
</testsuite>