<?xml version="1.0" encoding="UTF-8"?>
<testng-results ignored="0" total="1" passed="1" failed="0" skipped="0">
  <reporter-output>
  </reporter-output>
  <suite started-at="2026-01-30T15:05:21 IST" name="Surefire suite" finished-at="2026-01-30T15:11:30 IST" duration-ms="368454">
    <groups>
    </groups>
    <test started-at="2026-01-30T15:05:21 IST" name="Surefire test" finished-at="2026-01-30T15:11:30 IST" duration-ms="368454">
      <class name="JobPortals.Naukri">
        <test-method is-config="true" signature="setup(java.lang.String)[pri:0, instance:JobPortals.Naukri@4e5d5ac1]" started-at="2026-01-30T15:05:21 IST" name="setup" finished-at="2026-01-30T15:05:24 IST" duration-ms="2549" status="PASS">
          <params>
            <param index="0">
              <value>
                <![CDATA[chrome]]>
              </value>
            </param>
          </params>
          <reporter-output>
          </reporter-output>
        </test-method> <!-- setup -->
        <test-method signature="applyOnNaukri()[pri:0, instance:JobPortals.Naukri@4e5d5ac1]" started-at="2026-01-30T15:05:24 IST" name="applyOnNaukri" finished-at="2026-01-30T15:11:29 IST" duration-ms="365616" status="PASS">
          <reporter-output>
          </reporter-output>
        </test-method> <!-- applyOnNaukri -->
        <test-method is-config="true" signature="teardown()[pri:0, instance:JobPortals.Naukri@4e5d5ac1]" started-at="2026-01-30T15:11:29 IST" name="teardown" finished-at="2026-01-30T15:11:30 IST" duration-ms="277" status="PASS">
          <reporter-output>
          </reporter-output>
        </test-method> <!-- teardown -->
      </class> <!-- JobPortals.Naukri -->
    </test> <!-- Surefire test -->
  </suite> <!-- Surefire suite -->
</testng-results>
