<?xml version="1.0" encoding="UTF-8"?>
<testng-results ignored="0" total="1" passed="1" failed="0" skipped="0">
  <reporter-output>
  </reporter-output>
  <suite started-at="2024-08-10T02:05:07 IST" name="Suite" finished-at="2024-08-10T02:05:58 IST" duration-ms="51045">
    <groups>
    </groups>
    <test started-at="2024-08-10T02:05:07 IST" name="Test" finished-at="2024-08-10T02:05:58 IST" duration-ms="51045">
      <class name="JobPortals.Hirist">
        <test-method is-config="true" signature="setup(java.lang.String)[pri:0, instance:JobPortals.Hirist@71687585]" started-at="2024-08-10T02:05:07 IST" name="setup" finished-at="2024-08-10T02:05:11 IST" duration-ms="3201" status="PASS">
          <params>
            <param index="0">
              <value>
                <![CDATA[chrome]]>
              </value>
            </param>
          </params>
          <reporter-output>
          </reporter-output>
        </test-method> <!-- setup -->
        <test-method signature="applyOnHirist()[pri:0, instance:JobPortals.Hirist@71687585]" started-at="2024-08-10T02:05:11 IST" name="applyOnHirist" finished-at="2024-08-10T02:05:58 IST" duration-ms="47084" status="PASS">
          <reporter-output>
          </reporter-output>
        </test-method> <!-- applyOnHirist -->
        <test-method is-config="true" signature="teardown()[pri:0, instance:JobPortals.Hirist@71687585]" started-at="2024-08-10T02:05:58 IST" name="teardown" finished-at="2024-08-10T02:05:58 IST" duration-ms="1" status="PASS">
          <reporter-output>
          </reporter-output>
        </test-method> <!-- teardown -->
      </class> <!-- JobPortals.Hirist -->
    </test> <!-- Test -->
  </suite> <!-- Suite -->
</testng-results>
